<?xml version="1.0" encoding="UTF-8" ?>
<testsuite tests="15" failures="2" name="lex.TokenizerTest" time="0.22" errors="0" skipped="0">
  <properties>
[...]
</properties>
  <testcase classname="lex.TokenizerTest" name="testLongIdentifier" time="0.142"/>
  <testcase classname="lex.TokenizerTest" name="testUnterminatedComment" time="0"/>
  <testcase classname="lex.TokenizerTest" name="testBadComment" time="0"/>
  <testcase classname="lex.TokenizerTest" name="testTempFile" time="0.005">
    <failure message="Wrong token type expected:&lt;ENDMARKER&gt; but was:&lt;ENDOFFILE&gt;" type="java.lang.AssertionError">java.lang.AssertionError: Wrong token type expected:&lt;ENDMARKER&gt; but was:&lt;ENDOFFILE&gt;
	at org.junit.Assert.fail(Assert.java:88)
	at org.junit.Assert.failNotEquals(Assert.java:834)
	at org.junit.Assert.assertEquals(Assert.java:118)
	at lex.TokenizerTest.expect(TokenizerTest.java:263)
	at lex.TokenizerTest.testTempFile(TokenizerTest.java:68)
	at sun.reflect.NativeMethodAccessorImpl.invoke0(Native Method)
	at sun.reflect.NativeMethodAccessorImpl.invoke(NativeMethodAccessorImpl.java:62)
	at sun.reflect.DelegatingMethodAccessorImpl.invoke(DelegatingMethodAccessorImpl.java:43)
	at java.lang.reflect.Method.invoke(Method.java:497)
	at org.junit.runners.model.FrameworkMethod$1.runReflectiveCall(FrameworkMethod.java:50)
	at org.junit.internal.runners.model.ReflectiveCallable.run(ReflectiveCallable.java:12)
	at org.junit.runners.model.FrameworkMethod.invokeExplosively(FrameworkMethod.java:47)
	at org.junit.internal.runners.statements.InvokeMethod.evaluate(InvokeMethod.java:17)
	at org.junit.internal.runners.statements.RunAfters.evaluate(RunAfters.java:27)
	at org.junit.runners.ParentRunner.runLeaf(ParentRunner.java:325)
	at org.junit.runners.BlockJUnit4ClassRunner.runChild(BlockJUnit4ClassRunner.java:78)
	at org.junit.runners.BlockJUnit4ClassRunner.runChild(BlockJUnit4ClassRunner.java:57)
	at org.junit.runners.ParentRunner$3.run(ParentRunner.java:290)
	at org.junit.runners.ParentRunner$1.schedule(ParentRunner.java:71)
	at org.junit.runners.ParentRunner.runChildren(ParentRunner.java:288)
	at org.junit.runners.ParentRunner.access$000(ParentRunner.java:58)
	at org.junit.runners.ParentRunner$2.evaluate(ParentRunner.java:268)
	at org.junit.runners.ParentRunner.run(ParentRunner.java:363)
	at org.apache.maven.surefire.junit4.JUnit4TestSet.execute(JUnit4TestSet.java:53)
	at org.apache.maven.surefire.junit4.JUnit4Provider.executeTestSet(JUnit4Provider.java:123)
	at org.apache.maven.surefire.junit4.JUnit4Provider.invoke(JUnit4Provider.java:104)
	at sun.reflect.NativeMethodAccessorImpl.invoke0(Native Method)
	at sun.reflect.NativeMethodAccessorImpl.invoke(NativeMethodAccessorImpl.java:62)
	at sun.reflect.DelegatingMethodAccessorImpl.invoke(DelegatingMethodAccessorImpl.java:43)
	at java.lang.reflect.Method.invoke(Method.java:497)
	at org.apache.maven.surefire.util.ReflectionUtils.invokeMethodWithArray(ReflectionUtils.java:164)
	at org.apache.maven.surefire.booter.ProviderFactory$ProviderProxy.invoke(ProviderFactory.java:110)
	at org.apache.maven.surefire.booter.SurefireStarter.invokeProvider(SurefireStarter.java:175)
	at org.apache.maven.surefire.booter.SurefireStarter.runSuitesInProcessWhenForked(SurefireStarter.java:107)
	at org.apache.maven.surefire.booter.ForkedBooter.main(ForkedBooter.java:68)
</failure>
    <system-out>TokenizerTest.testTempFile
Hellohello!
</system-out>
    <system-err>Unable to delete temp file C:\Users\Harry\AppData\Local\Temp\test6215084233157253267.dat
It should be delete when the JVM exits.
</system-err>
  </testcase>
  <testcase classname="lex.TokenizerTest" name="testLineCounter2" time="0"/>
  <testcase classname="lex.TokenizerTest" name="testMultipleComments" time="0.002"/>
  <testcase classname="lex.TokenizerTest" name="testIllegalCharacter" time="0.004"/>
  <testcase classname="lex.TokenizerTest" name="testMathOps" time="0.001">
    <failure message="Wrong token type expected:&lt;MULOP&gt; but was:&lt;ENDOFFILE&gt;" type="java.lang.AssertionError">java.lang.AssertionError: Wrong token type expected:&lt;MULOP&gt; but was:&lt;ENDOFFILE&gt;
	at org.junit.Assert.fail(Assert.java:88)
	at org.junit.Assert.failNotEquals(Assert.java:834)
	at org.junit.Assert.assertEquals(Assert.java:118)
	at lex.TokenizerTest.expect(TokenizerTest.java:263)
	at lex.TokenizerTest.testMathOps(TokenizerTest.java:182)
	at sun.reflect.NativeMethodAccessorImpl.invoke0(Native Method)
	at sun.reflect.NativeMethodAccessorImpl.invoke(NativeMethodAccessorImpl.java:62)
	at sun.reflect.DelegatingMethodAccessorImpl.invoke(DelegatingMethodAccessorImpl.java:43)
	at java.lang.reflect.Method.invoke(Method.java:497)
	at org.junit.runners.model.FrameworkMethod$1.runReflectiveCall(FrameworkMethod.java:50)
	at org.junit.internal.runners.model.ReflectiveCallable.run(ReflectiveCallable.java:12)
	at org.junit.runners.model.FrameworkMethod.invokeExplosively(FrameworkMethod.java:47)
	at org.junit.internal.runners.statements.InvokeMethod.evaluate(InvokeMethod.java:17)
	at org.junit.internal.runners.statements.RunAfters.evaluate(RunAfters.java:27)
	at org.junit.runners.ParentRunner.runLeaf(ParentRunner.java:325)
	at org.junit.runners.BlockJUnit4ClassRunner.runChild(BlockJUnit4ClassRunner.java:78)
	at org.junit.runners.BlockJUnit4ClassRunner.runChild(BlockJUnit4ClassRunner.java:57)
	at org.junit.runners.ParentRunner$3.run(ParentRunner.java:290)
	at org.junit.runners.ParentRunner$1.schedule(ParentRunner.java:71)
	at org.junit.runners.ParentRunner.runChildren(ParentRunner.java:288)
	at org.junit.runners.ParentRunner.access$000(ParentRunner.java:58)
	at org.junit.runners.ParentRunner$2.evaluate(ParentRunner.java:268)
	at org.junit.runners.ParentRunner.run(ParentRunner.java:363)
	at org.apache.maven.surefire.junit4.JUnit4TestSet.execute(JUnit4TestSet.java:53)
	at org.apache.maven.surefire.junit4.JUnit4Provider.executeTestSet(JUnit4Provider.java:123)
	at org.apache.maven.surefire.junit4.JUnit4Provider.invoke(JUnit4Provider.java:104)
	at sun.reflect.NativeMethodAccessorImpl.invoke0(Native Method)
	at sun.reflect.NativeMethodAccessorImpl.invoke(NativeMethodAccessorImpl.java:62)
	at sun.reflect.DelegatingMethodAccessorImpl.invoke(DelegatingMethodAccessorImpl.java:43)
	at java.lang.reflect.Method.invoke(Method.java:497)
	at org.apache.maven.surefire.util.ReflectionUtils.invokeMethodWithArray(ReflectionUtils.java:164)
	at org.apache.maven.surefire.booter.ProviderFactory$ProviderProxy.invoke(ProviderFactory.java:110)
	at org.apache.maven.surefire.booter.SurefireStarter.invokeProvider(SurefireStarter.java:175)
	at org.apache.maven.surefire.booter.SurefireStarter.runSuitesInProcessWhenForked(SurefireStarter.java:107)
	at org.apache.maven.surefire.booter.ForkedBooter.main(ForkedBooter.java:68)
</failure>
    <system-out>TokenizerTest.testMathOps
Hellohello!
</system-out>
    <system-err>Unable to delete temp file C:\Users\Harry\AppData\Local\Temp\test4789670098293906992.dat
It should be delete when the JVM exits.
</system-err>
  </testcase>
  <testcase classname="lex.TokenizerTest" name="testLineCounter" time="0.001"/>
  <testcase classname="lex.TokenizerTest" name="testOnlyUnterminatedComment" time="0.001"/>
  <testcase classname="lex.TokenizerTest" name="testBadComment2" time="0.001"/>
  <testcase classname="lex.TokenizerTest" name="testMyTest2" time="0.001"/>
  <testcase classname="lex.TokenizerTest" name="theBigTest" time="0.009"/>
  <testcase classname="lex.TokenizerTest" name="testMyTest" time="0.002"/>
  <testcase classname="lex.TokenizerTest" name="testNumbers" time="0.001"/>
</testsuite>